<?xml version="1.0" encoding="UTF-8"?>
<testsuite xmlns:xsi="http://www.w3.org/2001/XMLSchema-instance" xsi:noNamespaceSchemaLocation="https://maven.apache.org/surefire/maven-surefire-plugin/xsd/surefire-test-report-3.0.xsd" version="3.0" name="hello.HelloTest" time="0.151" tests="1" errors="0" skipped="0" failures="0">
  <properties>
    <property name="sun.desktop" value="windows"/>
    <property name="awt.toolkit" value="sun.awt.windows.WToolkit"/>
    <property name="file.encoding.pkg" value="sun.io"/>
    <property name="java.specification.version" value="1.8"/>
    <property name="sun.cpu.isalist" value="amd64"/>
    <property name="sun.jnu.encoding" value="Cp1250"/>
    <property name="java.class.path" value="C:\Users\johan\Documents\anagram\target\test-classes;C:\Users\johan\Documents\anagram\target\classes;C:\Users\johan\.m2\repository\javax\javaee-api\8.0.1\javaee-api-8.0.1.jar;C:\Users\johan\.m2\repository\com\sun\mail\javax.mail\1.6.2\javax.mail-1.6.2.jar;C:\Users\johan\.m2\repository\javax\activation\activation\1.1\activation-1.1.jar;C:\Users\johan\.m2\repository\org\json\json\20231013\json-20231013.jar;C:\Users\johan\.m2\repository\com\google\guava\guava\33.0.0-jre\guava-33.0.0-jre.jar;C:\Users\johan\.m2\repository\com\google\guava\failureaccess\1.0.2\failureaccess-1.0.2.jar;C:\Users\johan\.m2\repository\com\google\guava\listenablefuture\9999.0-empty-to-avoid-conflict-with-guava\listenablefuture-9999.0-empty-to-avoid-conflict-with-guava.jar;C:\Users\johan\.m2\repository\com\google\code\findbugs\jsr305\3.0.2\jsr305-3.0.2.jar;C:\Users\johan\.m2\repository\org\checkerframework\checker-qual\3.41.0\checker-qual-3.41.0.jar;C:\Users\johan\.m2\repository\com\google\errorprone\error_prone_annotations\2.23.0\error_prone_annotations-2.23.0.jar;C:\Users\johan\.m2\repository\com\google\j2objc\j2objc-annotations\2.8\j2objc-annotations-2.8.jar;C:\Users\johan\.m2\repository\org\eclipse\jdt\org.eclipse.jdt.annotation\2.2.800\org.eclipse.jdt.annotation-2.2.800.jar;C:\Users\johan\.m2\repository\junit\junit\4.13.2\junit-4.13.2.jar;C:\Users\johan\.m2\repository\org\hamcrest\hamcrest-core\1.3\hamcrest-core-1.3.jar;C:\Users\johan\.m2\repository\org\hamcrest\hamcrest\2.2\hamcrest-2.2.jar;C:\Users\johan\.m2\repository\uk\co\datumedge\hamcrest-json\0.3\hamcrest-json-0.3.jar;C:\Users\johan\.m2\repository\org\skyscreamer\jsonassert\1.5.1\jsonassert-1.5.1.jar;C:\Users\johan\.m2\repository\com\vaadin\external\google\android-json\0.0.20131108.vaadin1\android-json-0.0.20131108.vaadin1.jar;C:\Users\johan\.m2\repository\org\mockito\mockito-core\5.8.0\mockito-core-5.8.0.jar;C:\Users\johan\.m2\repository\net\bytebuddy\byte-buddy\1.14.10\byte-buddy-1.14.10.jar;C:\Users\johan\.m2\repository\net\bytebuddy\byte-buddy-agent\1.14.10\byte-buddy-agent-1.14.10.jar;C:\Users\johan\.m2\repository\org\objenesis\objenesis\3.3\objenesis-3.3.jar;C:\Users\johan\.m2\repository\org\jglue\cdi-unit\cdi-unit\4.1.0\cdi-unit-4.1.0.jar;C:\Users\johan\.m2\repository\org\javassist\javassist\3.18.1-GA\javassist-3.18.1-GA.jar;C:\Users\johan\.m2\repository\io\github\classgraph\classgraph\4.1.2\classgraph-4.1.2.jar;C:\Users\johan\.m2\repository\org\slf4j\slf4j-api\1.7.5\slf4j-api-1.7.5.jar;C:\Users\johan\.m2\repository\org\apache\deltaspike\core\deltaspike-core-impl\1.0.1\deltaspike-core-impl-1.0.1.jar;C:\Users\johan\.m2\repository\org\apache\deltaspike\core\deltaspike-core-api\1.0.1\deltaspike-core-api-1.0.1.jar;C:\Users\johan\.m2\repository\org\jboss\resteasy\resteasy-jaxrs\3.0.14.Final\resteasy-jaxrs-3.0.14.Final.jar;C:\Users\johan\.m2\repository\org\jboss\spec\javax\ws\rs\jboss-jaxrs-api_2.0_spec\1.0.0.Final\jboss-jaxrs-api_2.0_spec-1.0.0.Final.jar;C:\Users\johan\.m2\repository\org\jboss\spec\javax\annotation\jboss-annotations-api_1.2_spec\1.0.0.Final\jboss-annotations-api_1.2_spec-1.0.0.Final.jar;C:\Users\johan\.m2\repository\net\jcip\jcip-annotations\1.0\jcip-annotations-1.0.jar;C:\Users\johan\.m2\repository\org\jboss\weld\se\weld-se-core\6.0.0.Alpha1\weld-se-core-6.0.0.Alpha1.jar;C:\Users\johan\.m2\repository\org\jboss\weld\environment\weld-environment-common\6.0.0.Alpha1\weld-environment-common-6.0.0.Alpha1.jar;C:\Users\johan\.m2\repository\org\jboss\weld\weld-lite-extension-translator\6.0.0.Alpha1\weld-lite-extension-translator-6.0.0.Alpha1.jar;C:\Users\johan\.m2\repository\jakarta\interceptor\jakarta.interceptor-api\2.2.0-RC1\jakarta.interceptor-api-2.2.0-RC1.jar;C:\Users\johan\.m2\repository\org\jboss\logging\jboss-logging-processor\2.2.1.Final\jboss-logging-processor-2.2.1.Final.jar;C:\Users\johan\.m2\repository\org\jboss\logging\jboss-logging-annotations\2.2.1.Final\jboss-logging-annotations-2.2.1.Final.jar;C:\Users\johan\.m2\repository\org\jboss\jdeparser\jdeparser\2.0.3.Final\jdeparser-2.0.3.Final.jar;C:\Users\johan\.m2\repository\jakarta\enterprise\jakarta.enterprise.cdi-api\4.1.0.Alpha1\jakarta.enterprise.cdi-api-4.1.0.Alpha1.jar;C:\Users\johan\.m2\repository\jakarta\enterprise\jakarta.enterprise.lang-model\4.1.0.Alpha1\jakarta.enterprise.lang-model-4.1.0.Alpha1.jar;C:\Users\johan\.m2\repository\jakarta\annotation\jakarta.annotation-api\2.1.0\jakarta.annotation-api-2.1.0.jar;C:\Users\johan\.m2\repository\jakarta\inject\jakarta.inject-api\2.0.1\jakarta.inject-api-2.0.1.jar;C:\Users\johan\.m2\repository\org\jboss\classfilewriter\jboss-classfilewriter\1.3.0.Final\jboss-classfilewriter-1.3.0.Final.jar;C:\Users\johan\.m2\repository\org\jboss\weld\module\weld-web\6.0.0.Alpha1\weld-web-6.0.0.Alpha1.jar;C:\Users\johan\.m2\repository\org\jboss\weld\weld-api\6.0.Alpha1\weld-api-6.0.Alpha1.jar;C:\Users\johan\.m2\repository\org\jboss\weld\weld-core-impl\6.0.0.Alpha1\weld-core-impl-6.0.0.Alpha1.jar;C:\Users\johan\.m2\repository\org\jboss\weld\weld-spi\6.0.Alpha1\weld-spi-6.0.Alpha1.jar;C:\Users\johan\.m2\repository\jakarta\el\jakarta.el-api\5.0.1\jakarta.el-api-5.0.1.jar;C:\Users\johan\.m2\repository\org\jboss\logging\jboss-logging\3.5.0.Final\jboss-logging-3.5.0.Final.jar;C:\Users\johan\.m2\repository\org\apache\commons\commons-lang3\3.7\commons-lang3-3.7.jar;C:\Users\johan\.m2\repository\com\mashape\unirest\unirest-java\1.4.9\unirest-java-1.4.9.jar;C:\Users\johan\.m2\repository\org\apache\httpcomponents\httpclient\4.5.2\httpclient-4.5.2.jar;C:\Users\johan\.m2\repository\org\apache\httpcomponents\httpcore\4.4.4\httpcore-4.4.4.jar;C:\Users\johan\.m2\repository\commons-logging\commons-logging\1.2\commons-logging-1.2.jar;C:\Users\johan\.m2\repository\commons-codec\commons-codec\1.9\commons-codec-1.9.jar;C:\Users\johan\.m2\repository\org\apache\httpcomponents\httpasyncclient\4.1.1\httpasyncclient-4.1.1.jar;C:\Users\johan\.m2\repository\org\apache\httpcomponents\httpcore-nio\4.4.4\httpcore-nio-4.4.4.jar;C:\Users\johan\.m2\repository\org\apache\httpcomponents\httpmime\4.5.2\httpmime-4.5.2.jar;C:\Users\johan\.m2\repository\com\squareup\okhttp3\okhttp\5.0.0-alpha.12\okhttp-5.0.0-alpha.12.jar;C:\Users\johan\.m2\repository\com\squareup\okhttp3\okhttp-jvm\5.0.0-alpha.12\okhttp-jvm-5.0.0-alpha.12.jar;C:\Users\johan\.m2\repository\com\squareup\okio\okio-jvm\3.7.0\okio-jvm-3.7.0.jar;C:\Users\johan\.m2\repository\com\squareup\okio\okio\2.2.2\okio-2.2.2.jar;C:\Users\johan\.m2\repository\org\jetbrains\kotlin\kotlin-stdlib\1.2.60\kotlin-stdlib-1.2.60.jar;C:\Users\johan\.m2\repository\org\jetbrains\kotlin\kotlin-stdlib-common\1.2.60\kotlin-stdlib-common-1.2.60.jar;C:\Users\johan\.m2\repository\org\jetbrains\annotations\13.0\annotations-13.0.jar;C:\Users\johan\.m2\repository\commons-io\commons-io\2.15.1\commons-io-2.15.1.jar;"/>
    <property name="java.vm.vendor" value="Oracle Corporation"/>
    <property name="sun.arch.data.model" value="64"/>
    <property name="user.variant" value=""/>
    <property name="java.vendor.url" value="http://java.oracle.com/"/>
    <property name="user.timezone" value="Europe/Prague"/>
    <property name="java.vm.specification.version" value="1.8"/>
    <property name="os.name" value="Windows 11"/>
    <property name="user.country" value="US"/>
    <property name="sun.java.launcher" value="SUN_STANDARD"/>
    <property name="sun.boot.library.path" value="C:\Program Files\Java\jdk1.8.0_341\jre\bin"/>
    <property name="sun.java.command" value="C:\Users\johan\AppData\Local\Temp\surefire3539471467210668785\surefirebooter-20240110174533936_3.jar C:\Users\johan\AppData\Local\Temp\surefire3539471467210668785 2024-01-10T17-45-33_215-jvmRun1 surefire-20240110174533936_1tmp surefire_0-20240110174533936_2tmp"/>
    <property name="surefire.test.class.path" value="C:\Users\johan\Documents\anagram\target\test-classes;C:\Users\johan\Documents\anagram\target\classes;C:\Users\johan\.m2\repository\javax\javaee-api\8.0.1\javaee-api-8.0.1.jar;C:\Users\johan\.m2\repository\com\sun\mail\javax.mail\1.6.2\javax.mail-1.6.2.jar;C:\Users\johan\.m2\repository\javax\activation\activation\1.1\activation-1.1.jar;C:\Users\johan\.m2\repository\org\json\json\20231013\json-20231013.jar;C:\Users\johan\.m2\repository\com\google\guava\guava\33.0.0-jre\guava-33.0.0-jre.jar;C:\Users\johan\.m2\repository\com\google\guava\failureaccess\1.0.2\failureaccess-1.0.2.jar;C:\Users\johan\.m2\repository\com\google\guava\listenablefuture\9999.0-empty-to-avoid-conflict-with-guava\listenablefuture-9999.0-empty-to-avoid-conflict-with-guava.jar;C:\Users\johan\.m2\repository\com\google\code\findbugs\jsr305\3.0.2\jsr305-3.0.2.jar;C:\Users\johan\.m2\repository\org\checkerframework\checker-qual\3.41.0\checker-qual-3.41.0.jar;C:\Users\johan\.m2\repository\com\google\errorprone\error_prone_annotations\2.23.0\error_prone_annotations-2.23.0.jar;C:\Users\johan\.m2\repository\com\google\j2objc\j2objc-annotations\2.8\j2objc-annotations-2.8.jar;C:\Users\johan\.m2\repository\org\eclipse\jdt\org.eclipse.jdt.annotation\2.2.800\org.eclipse.jdt.annotation-2.2.800.jar;C:\Users\johan\.m2\repository\junit\junit\4.13.2\junit-4.13.2.jar;C:\Users\johan\.m2\repository\org\hamcrest\hamcrest-core\1.3\hamcrest-core-1.3.jar;C:\Users\johan\.m2\repository\org\hamcrest\hamcrest\2.2\hamcrest-2.2.jar;C:\Users\johan\.m2\repository\uk\co\datumedge\hamcrest-json\0.3\hamcrest-json-0.3.jar;C:\Users\johan\.m2\repository\org\skyscreamer\jsonassert\1.5.1\jsonassert-1.5.1.jar;C:\Users\johan\.m2\repository\com\vaadin\external\google\android-json\0.0.20131108.vaadin1\android-json-0.0.20131108.vaadin1.jar;C:\Users\johan\.m2\repository\org\mockito\mockito-core\5.8.0\mockito-core-5.8.0.jar;C:\Users\johan\.m2\repository\net\bytebuddy\byte-buddy\1.14.10\byte-buddy-1.14.10.jar;C:\Users\johan\.m2\repository\net\bytebuddy\byte-buddy-agent\1.14.10\byte-buddy-agent-1.14.10.jar;C:\Users\johan\.m2\repository\org\objenesis\objenesis\3.3\objenesis-3.3.jar;C:\Users\johan\.m2\repository\org\jglue\cdi-unit\cdi-unit\4.1.0\cdi-unit-4.1.0.jar;C:\Users\johan\.m2\repository\org\javassist\javassist\3.18.1-GA\javassist-3.18.1-GA.jar;C:\Users\johan\.m2\repository\io\github\classgraph\classgraph\4.1.2\classgraph-4.1.2.jar;C:\Users\johan\.m2\repository\org\slf4j\slf4j-api\1.7.5\slf4j-api-1.7.5.jar;C:\Users\johan\.m2\repository\org\apache\deltaspike\core\deltaspike-core-impl\1.0.1\deltaspike-core-impl-1.0.1.jar;C:\Users\johan\.m2\repository\org\apache\deltaspike\core\deltaspike-core-api\1.0.1\deltaspike-core-api-1.0.1.jar;C:\Users\johan\.m2\repository\org\jboss\resteasy\resteasy-jaxrs\3.0.14.Final\resteasy-jaxrs-3.0.14.Final.jar;C:\Users\johan\.m2\repository\org\jboss\spec\javax\ws\rs\jboss-jaxrs-api_2.0_spec\1.0.0.Final\jboss-jaxrs-api_2.0_spec-1.0.0.Final.jar;C:\Users\johan\.m2\repository\org\jboss\spec\javax\annotation\jboss-annotations-api_1.2_spec\1.0.0.Final\jboss-annotations-api_1.2_spec-1.0.0.Final.jar;C:\Users\johan\.m2\repository\net\jcip\jcip-annotations\1.0\jcip-annotations-1.0.jar;C:\Users\johan\.m2\repository\org\jboss\weld\se\weld-se-core\6.0.0.Alpha1\weld-se-core-6.0.0.Alpha1.jar;C:\Users\johan\.m2\repository\org\jboss\weld\environment\weld-environment-common\6.0.0.Alpha1\weld-environment-common-6.0.0.Alpha1.jar;C:\Users\johan\.m2\repository\org\jboss\weld\weld-lite-extension-translator\6.0.0.Alpha1\weld-lite-extension-translator-6.0.0.Alpha1.jar;C:\Users\johan\.m2\repository\jakarta\interceptor\jakarta.interceptor-api\2.2.0-RC1\jakarta.interceptor-api-2.2.0-RC1.jar;C:\Users\johan\.m2\repository\org\jboss\logging\jboss-logging-processor\2.2.1.Final\jboss-logging-processor-2.2.1.Final.jar;C:\Users\johan\.m2\repository\org\jboss\logging\jboss-logging-annotations\2.2.1.Final\jboss-logging-annotations-2.2.1.Final.jar;C:\Users\johan\.m2\repository\org\jboss\jdeparser\jdeparser\2.0.3.Final\jdeparser-2.0.3.Final.jar;C:\Users\johan\.m2\repository\jakarta\enterprise\jakarta.enterprise.cdi-api\4.1.0.Alpha1\jakarta.enterprise.cdi-api-4.1.0.Alpha1.jar;C:\Users\johan\.m2\repository\jakarta\enterprise\jakarta.enterprise.lang-model\4.1.0.Alpha1\jakarta.enterprise.lang-model-4.1.0.Alpha1.jar;C:\Users\johan\.m2\repository\jakarta\annotation\jakarta.annotation-api\2.1.0\jakarta.annotation-api-2.1.0.jar;C:\Users\johan\.m2\repository\jakarta\inject\jakarta.inject-api\2.0.1\jakarta.inject-api-2.0.1.jar;C:\Users\johan\.m2\repository\org\jboss\classfilewriter\jboss-classfilewriter\1.3.0.Final\jboss-classfilewriter-1.3.0.Final.jar;C:\Users\johan\.m2\repository\org\jboss\weld\module\weld-web\6.0.0.Alpha1\weld-web-6.0.0.Alpha1.jar;C:\Users\johan\.m2\repository\org\jboss\weld\weld-api\6.0.Alpha1\weld-api-6.0.Alpha1.jar;C:\Users\johan\.m2\repository\org\jboss\weld\weld-core-impl\6.0.0.Alpha1\weld-core-impl-6.0.0.Alpha1.jar;C:\Users\johan\.m2\repository\org\jboss\weld\weld-spi\6.0.Alpha1\weld-spi-6.0.Alpha1.jar;C:\Users\johan\.m2\repository\jakarta\el\jakarta.el-api\5.0.1\jakarta.el-api-5.0.1.jar;C:\Users\johan\.m2\repository\org\jboss\logging\jboss-logging\3.5.0.Final\jboss-logging-3.5.0.Final.jar;C:\Users\johan\.m2\repository\org\apache\commons\commons-lang3\3.7\commons-lang3-3.7.jar;C:\Users\johan\.m2\repository\com\mashape\unirest\unirest-java\1.4.9\unirest-java-1.4.9.jar;C:\Users\johan\.m2\repository\org\apache\httpcomponents\httpclient\4.5.2\httpclient-4.5.2.jar;C:\Users\johan\.m2\repository\org\apache\httpcomponents\httpcore\4.4.4\httpcore-4.4.4.jar;C:\Users\johan\.m2\repository\commons-logging\commons-logging\1.2\commons-logging-1.2.jar;C:\Users\johan\.m2\repository\commons-codec\commons-codec\1.9\commons-codec-1.9.jar;C:\Users\johan\.m2\repository\org\apache\httpcomponents\httpasyncclient\4.1.1\httpasyncclient-4.1.1.jar;C:\Users\johan\.m2\repository\org\apache\httpcomponents\httpcore-nio\4.4.4\httpcore-nio-4.4.4.jar;C:\Users\johan\.m2\repository\org\apache\httpcomponents\httpmime\4.5.2\httpmime-4.5.2.jar;C:\Users\johan\.m2\repository\com\squareup\okhttp3\okhttp\5.0.0-alpha.12\okhttp-5.0.0-alpha.12.jar;C:\Users\johan\.m2\repository\com\squareup\okhttp3\okhttp-jvm\5.0.0-alpha.12\okhttp-jvm-5.0.0-alpha.12.jar;C:\Users\johan\.m2\repository\com\squareup\okio\okio-jvm\3.7.0\okio-jvm-3.7.0.jar;C:\Users\johan\.m2\repository\com\squareup\okio\okio\2.2.2\okio-2.2.2.jar;C:\Users\johan\.m2\repository\org\jetbrains\kotlin\kotlin-stdlib\1.2.60\kotlin-stdlib-1.2.60.jar;C:\Users\johan\.m2\repository\org\jetbrains\kotlin\kotlin-stdlib-common\1.2.60\kotlin-stdlib-common-1.2.60.jar;C:\Users\johan\.m2\repository\org\jetbrains\annotations\13.0\annotations-13.0.jar;C:\Users\johan\.m2\repository\commons-io\commons-io\2.15.1\commons-io-2.15.1.jar;"/>
    <property name="sun.cpu.endian" value="little"/>
    <property name="user.home" value="C:\Users\johan"/>
    <property name="user.language" value="en"/>
    <property name="java.specification.vendor" value="Oracle Corporation"/>
    <property name="java.home" value="C:\Program Files\Java\jdk1.8.0_341\jre"/>
    <property name="basedir" value="C:\Users\johan\Documents\anagram"/>
    <property name="file.separator" value="\"/>
    <property name="line.separator" value="&#10;"/>
    <property name="java.vm.specification.vendor" value="Oracle Corporation"/>
    <property name="java.specification.name" value="Java Platform API Specification"/>
    <property name="java.awt.graphicsenv" value="sun.awt.Win32GraphicsEnvironment"/>
    <property name="surefire.real.class.path" value="C:\Users\johan\AppData\Local\Temp\surefire3539471467210668785\surefirebooter-20240110174533936_3.jar"/>
    <property name="sun.boot.class.path" value="C:\Program Files\Java\jdk1.8.0_341\jre\lib\resources.jar;C:\Program Files\Java\jdk1.8.0_341\jre\lib\rt.jar;C:\Program Files\Java\jdk1.8.0_341\jre\lib\jsse.jar;C:\Program Files\Java\jdk1.8.0_341\jre\lib\jce.jar;C:\Program Files\Java\jdk1.8.0_341\jre\lib\charsets.jar;C:\Program Files\Java\jdk1.8.0_341\jre\lib\jfr.jar;C:\Program Files\Java\jdk1.8.0_341\jre\classes"/>
    <property name="user.script" value=""/>
    <property name="sun.management.compiler" value="HotSpot 64-Bit Tiered Compilers"/>
    <property name="java.runtime.version" value="1.8.0_341-b10"/>
    <property name="user.name" value="johan"/>
    <property name="path.separator" value=";"/>
    <property name="os.version" value="10.0"/>
    <property name="java.endorsed.dirs" value="C:\Program Files\Java\jdk1.8.0_341\jre\lib\endorsed"/>
    <property name="java.runtime.name" value="Java(TM) SE Runtime Environment"/>
    <property name="file.encoding" value="Cp1250"/>
    <property name="java.vm.name" value="Java HotSpot(TM) 64-Bit Server VM"/>
    <property name="localRepository" value="C:\Users\johan\.m2\repository"/>
    <property name="java.vendor.url.bug" value="http://bugreport.sun.com/bugreport/"/>
    <property name="java.io.tmpdir" value="C:\Users\johan\AppData\Local\Temp\"/>
    <property name="java.version" value="1.8.0_341"/>
    <property name="user.dir" value="C:\Users\johan\Documents\anagram"/>
    <property name="os.arch" value="amd64"/>
    <property name="java.vm.specification.name" value="Java Virtual Machine Specification"/>
    <property name="java.awt.printerjob" value="sun.awt.windows.WPrinterJob"/>
    <property name="sun.os.patch.level" value=""/>
    <property name="java.library.path" value="C:\Program Files\Java\jdk1.8.0_341\jre\bin;C:\WINDOWS\Sun\Java\bin;C:\WINDOWS\system32;C:\WINDOWS;C:\WINDOWS\system32;C:\WINDOWS;C:\WINDOWS\System32\Wbem;C:\WINDOWS\System32\WindowsPowerShell\v1.0\;C:\WINDOWS\System32\OpenSSH\;C:\Program Files\dotnet\;C:\Program Files\Inkscape\bin;C:\Program Files\nodejs\;&quot;;C:\Program Files\Maven\apache-maven-3.9.6\bin;&quot;;C:\Program Files\MySQL\MySQL Shell 8.0\bin\;C:\Users\johan\AppData\Local\Microsoft\WindowsApps;C:\Maven\apache-maven-3.9.1-bin\apache-maven-3.9.1\bin;C:\Visual Studio Code\bin;C:\Users\johan\AppData\Local\JetBrains\Toolbox\scripts;C:\Users\johan\AppData\Roaming\npm;."/>
    <property name="java.vm.info" value="mixed mode"/>
    <property name="java.vendor" value="Oracle Corporation"/>
    <property name="java.vm.version" value="25.341-b10"/>
    <property name="java.ext.dirs" value="C:\Program Files\Java\jdk1.8.0_341\jre\lib\ext;C:\WINDOWS\Sun\Java\lib\ext"/>
    <property name="sun.io.unicode.encoding" value="UnicodeLittle"/>
    <property name="java.class.version" value="52.0"/>
  </properties>
  <testcase name="test_hello" classname="hello.HelloTest" time="0.032"/>
</testsuite>